<?xml version="1.0" encoding="UTF-8"?>
<!-- Generated by org.testng.reporters.JUnitReportReporter -->
<testsuite hostname="Sarveshs-MacBook-Air.local" failures="0" tests="1" name="basicAutomation.ScreenShot" time="6.452" errors="0" timestamp="2025-03-29T23:17:24 IST" skipped="0">
  <testcase classname="basicAutomation.ScreenShot" name="screenShot" time="6.452"/>
</testsuite> <!-- basicAutomation.ScreenShot -->
