<?xml version="1.0" encoding="UTF-8"?>
<!-- Generated by org.testng.reporters.JUnitReportReporter -->
<testsuite hostname="Sarveshs-MacBook-Air.local" failures="0" tests="3" name="udemyCource.ScrollInWindowAndTable" time="6.568" errors="0" timestamp="2025-03-29T23:14:30 IST" skipped="2">
  <testcase classname="udemyCource.ScrollInWindowAndTable" name="countSumOfNumbersFromScrollableTable" time="6.568"/>
  <testcase classname="udemyCource.ScrollInWindowAndTable" name="scroll">
    <skipped/>
  </testcase> <!-- scroll -->
  <testcase classname="udemyCource.ScrollInWindowAndTable" name="scrollIntoTheTable">
    <skipped/>
  </testcase> <!-- scrollIntoTheTable -->
</testsuite> <!-- udemyCource.ScrollInWindowAndTable -->
