<?xml version="1.0" encoding="UTF-8"?>
<!-- Generated by org.testng.reporters.JUnitReportReporter -->
<testsuite hostname="Sarveshs-MacBook-Air.local" failures="0" tests="2" name="javaStreams.StreamsBasic" time="0.004" errors="0" timestamp="2025-04-15T13:42:11 IST" skipped="1">
  <testcase classname="javaStreams.StreamsBasic" name="printUniqueNumbers" time="0.004"/>
  <testcase classname="javaStreams.StreamsBasic" name="numberOfNamesStartingWithA">
    <skipped/>
  </testcase> <!-- numberOfNamesStartingWithA -->
</testsuite> <!-- javaStreams.StreamsBasic -->
