<?xml version="1.0" encoding="UTF-8"?>
<!-- Generated by org.testng.reporters.JUnitReportReporter -->
<testsuite hostname="Sarveshs-MacBook-Air.local" failures="0" tests="1" name="udemyCource.WebTableSorting" time="1.917" errors="0" timestamp="2025-04-18T00:52:44 IST" skipped="0">
  <testcase classname="udemyCource.WebTableSorting" name="sortWebTableAndCompare" time="1.917"/>
</testsuite> <!-- udemyCource.WebTableSorting -->
